<?xml version="1.0" encoding="UTF-8"?>
<!-- Generated by org.testng.reporters.JUnitReportReporter -->
<testsuite skipped="0" hostname="Testing" name="framework.Flights" tests="1" failures="0" timestamp="14 May 2019 07:34:42 GMT" time="8.183" errors="0">
  <testcase name="flight" time="8.183" classname="framework.Flights"/>
</testsuite> <!-- framework.Flights -->
