<?xml version="1.0" encoding="UTF-8"?>
<!-- Generated by org.testng.reporters.JUnitReportReporter -->
<testsuite skipped="0" hostname="Testing" name="framework.Flights" tests="1" failures="0" timestamp="08 May 2019 12:29:55 GMT" time="16.491" errors="0">
  <testcase name="flight" time="16.491" classname="framework.Flights"/>
</testsuite> <!-- framework.Flights -->
