<?xml version="1.0" encoding="UTF-8"?>
<!-- Generated by org.testng.reporters.JUnitReportReporter -->
<testsuite skipped="0" hostname="Testing" name="framework.Flights" tests="1" failures="0" timestamp="09 May 2019 14:08:57 GMT" time="109.613" errors="0">
  <testcase name="flight" time="109.613" classname="framework.Flights"/>
</testsuite> <!-- framework.Flights -->
